<?xml version="1.0" encoding="UTF-8"?>
<testng-results skipped="0" failed="0" total="0" passed="0">
  <reporter-output>
  </reporter-output>
  <suite name="com.NewToursApp_Maven.NewTours_Maven.AppTest" duration-ms="0" started-at="2019-10-02T12:23:21Z" finished-at="2019-10-02T12:23:21Z">
    <groups>
    </groups>
    <test name="Command line test" duration-ms="0" started-at="2019-10-02T12:23:21Z" finished-at="2019-10-02T12:23:21Z">
    </test> <!-- Command line test -->
  </suite> <!-- com.NewToursApp_Maven.NewTours_Maven.AppTest -->
</testng-results>
